c:\users\remzısahbaz\source\repos\rshbz\cpulsplus_apps\sfml\sfml_project001\x64\debug\vc142.pdb
c:\users\remzısahbaz\source\repos\rshbz\cpulsplus_apps\sfml\sfml_project001\x64\debug\vc142.ıdb
c:\users\remzısahbaz\source\repos\rshbz\cpulsplus_apps\sfml\sfml_project001\x64\debug\sfml_project001.obj
c:\users\remzısahbaz\source\repos\rshbz\cpulsplus_apps\sfml\sfml_project001\x64\debug\game.obj
c:\users\remzısahbaz\source\repos\rshbz\cpulsplus_apps\sfml\sfml_project001\x64\debug\sfml_project001.exe
c:\users\remzısahbaz\source\repos\rshbz\cpulsplus_apps\sfml\sfml_project001\x64\debug\sfml_project001.ılk
c:\users\remzısahbaz\source\repos\rshbz\cpulsplus_apps\sfml\sfml_project001\x64\debug\sfml_project001.pdb
c:\users\remzisahbaz\source\repos\rshbz\cpulsplus_apps\sfml\sfml_project001\x64\debug\game.obj
c:\users\remzisahbaz\source\repos\rshbz\cpulsplus_apps\sfml\sfml_project001\x64\debug\sfml_project001.obj
c:\users\remzisahbaz\source\repos\rshbz\cpulsplus_apps\sfml\sfml_project001\x64\debug\game.obj.enc
c:\users\remzisahbaz\source\repos\rshbz\cpulsplus_apps\sfml\sfml_project001\x64\debug\sfml_project001.ilk
c:\users\remzisahbaz\source\repos\rshbz\cpulsplus_apps\sfml\sfml_project001\x64\debug\vc142.idb
c:\users\remzisahbaz\source\repos\rshbz\cpulsplus_apps\sfml\sfml_project001\x64\debug\sfml_project001.pdb
c:\users\remzisahbaz\source\repos\rshbz\cpulsplus_apps\sfml\sfml_project001\x64\debug\vc142.pdb
c:\users\remzisahbaz\source\repos\rshbz\cpulsplus_apps\sfml\sfml_project001\x64\debug\sfml_project001.tlog\cl.command.1.tlog
c:\users\remzisahbaz\source\repos\rshbz\cpulsplus_apps\sfml\sfml_project001\x64\debug\sfml_project001.tlog\cl.read.1.tlog
c:\users\remzisahbaz\source\repos\rshbz\cpulsplus_apps\sfml\sfml_project001\x64\debug\sfml_project001.tlog\cl.write.1.tlog
c:\users\remzisahbaz\source\repos\rshbz\cpulsplus_apps\sfml\sfml_project001\x64\debug\sfml_project001.tlog\link.command.1.tlog
c:\users\remzisahbaz\source\repos\rshbz\cpulsplus_apps\sfml\sfml_project001\x64\debug\sfml_project001.tlog\link.read.1.tlog
c:\users\remzisahbaz\source\repos\rshbz\cpulsplus_apps\sfml\sfml_project001\x64\debug\sfml_project001.tlog\link.write.1.tlog
